<?xml version="1.0" encoding="UTF-8"?>
<testsuite xmlns:xsi="http://www.w3.org/2001/XMLSchema-instance" xsi:noNamespaceSchemaLocation="https://maven.apache.org/surefire/maven-surefire-plugin/xsd/surefire-test-report.xsd" name="guru.springframework.joke.JokeappApplicationTests" time="2.025" tests="1" errors="0" skipped="0" failures="0">
  <properties>
    <property name="sun.desktop" value="windows"/>
    <property name="awt.toolkit" value="sun.awt.windows.WToolkit"/>
    <property name="file.encoding.pkg" value="sun.io"/>
    <property name="java.specification.version" value="1.8"/>
    <property name="sun.cpu.isalist" value="amd64"/>
    <property name="sun.jnu.encoding" value="Cp1252"/>
    <property name="java.class.path" value="D:\gwt\springguru\spring5-jokes-app\target\test-classes;D:\gwt\springguru\spring5-jokes-app\target\classes;D:\maven\.m2\repo\org\springframework\boot\spring-boot-starter-thymeleaf\2.0.0.M5\spring-boot-starter-thymeleaf-2.0.0.M5.jar;D:\maven\.m2\repo\org\springframework\boot\spring-boot-starter\2.0.0.M5\spring-boot-starter-2.0.0.M5.jar;D:\maven\.m2\repo\org\springframework\boot\spring-boot\2.0.0.M5\spring-boot-2.0.0.M5.jar;D:\maven\.m2\repo\org\springframework\boot\spring-boot-autoconfigure\2.0.0.M5\spring-boot-autoconfigure-2.0.0.M5.jar;D:\maven\.m2\repo\org\springframework\boot\spring-boot-starter-logging\2.0.0.M5\spring-boot-starter-logging-2.0.0.M5.jar;D:\maven\.m2\repo\ch\qos\logback\logback-classic\1.2.3\logback-classic-1.2.3.jar;D:\maven\.m2\repo\ch\qos\logback\logback-core\1.2.3\logback-core-1.2.3.jar;D:\maven\.m2\repo\org\slf4j\jul-to-slf4j\1.7.25\jul-to-slf4j-1.7.25.jar;D:\maven\.m2\repo\org\slf4j\log4j-over-slf4j\1.7.25\log4j-over-slf4j-1.7.25.jar;D:\maven\.m2\repo\javax\annotation\javax.annotation-api\1.3.1\javax.annotation-api-1.3.1.jar;D:\maven\.m2\repo\org\yaml\snakeyaml\1.18\snakeyaml-1.18.jar;D:\maven\.m2\repo\org\thymeleaf\thymeleaf-spring5\3.0.8.RELEASE\thymeleaf-spring5-3.0.8.RELEASE.jar;D:\maven\.m2\repo\org\thymeleaf\thymeleaf\3.0.8.RELEASE\thymeleaf-3.0.8.RELEASE.jar;D:\maven\.m2\repo\org\attoparser\attoparser\2.0.4.RELEASE\attoparser-2.0.4.RELEASE.jar;D:\maven\.m2\repo\org\unbescape\unbescape\1.1.5.RELEASE\unbescape-1.1.5.RELEASE.jar;D:\maven\.m2\repo\org\slf4j\slf4j-api\1.7.25\slf4j-api-1.7.25.jar;D:\maven\.m2\repo\org\thymeleaf\extras\thymeleaf-extras-java8time\3.0.1.RELEASE\thymeleaf-extras-java8time-3.0.1.RELEASE.jar;D:\maven\.m2\repo\org\springframework\boot\spring-boot-starter-web\2.0.0.M5\spring-boot-starter-web-2.0.0.M5.jar;D:\maven\.m2\repo\org\springframework\boot\spring-boot-starter-json\2.0.0.M5\spring-boot-starter-json-2.0.0.M5.jar;D:\maven\.m2\repo\com\fasterxml\jackson\core\jackson-databind\2.9.1\jackson-databind-2.9.1.jar;D:\maven\.m2\repo\com\fasterxml\jackson\core\jackson-annotations\2.9.0\jackson-annotations-2.9.0.jar;D:\maven\.m2\repo\com\fasterxml\jackson\core\jackson-core\2.9.1\jackson-core-2.9.1.jar;D:\maven\.m2\repo\com\fasterxml\jackson\datatype\jackson-datatype-jdk8\2.9.1\jackson-datatype-jdk8-2.9.1.jar;D:\maven\.m2\repo\com\fasterxml\jackson\datatype\jackson-datatype-jsr310\2.9.1\jackson-datatype-jsr310-2.9.1.jar;D:\maven\.m2\repo\com\fasterxml\jackson\module\jackson-module-parameter-names\2.9.1\jackson-module-parameter-names-2.9.1.jar;D:\maven\.m2\repo\com\fasterxml\jackson\module\jackson-module-kotlin\2.9.1\jackson-module-kotlin-2.9.1.jar;D:\maven\.m2\repo\org\springframework\boot\spring-boot-starter-tomcat\2.0.0.M5\spring-boot-starter-tomcat-2.0.0.M5.jar;D:\maven\.m2\repo\org\apache\tomcat\embed\tomcat-embed-core\8.5.23\tomcat-embed-core-8.5.23.jar;D:\maven\.m2\repo\org\apache\tomcat\tomcat-annotations-api\8.5.23\tomcat-annotations-api-8.5.23.jar;D:\maven\.m2\repo\org\apache\tomcat\embed\tomcat-embed-el\8.5.23\tomcat-embed-el-8.5.23.jar;D:\maven\.m2\repo\org\apache\tomcat\embed\tomcat-embed-websocket\8.5.23\tomcat-embed-websocket-8.5.23.jar;D:\maven\.m2\repo\org\hibernate\validator\hibernate-validator\6.0.2.Final\hibernate-validator-6.0.2.Final.jar;D:\maven\.m2\repo\javax\validation\validation-api\2.0.0.Final\validation-api-2.0.0.Final.jar;D:\maven\.m2\repo\org\jboss\logging\jboss-logging\3.3.1.Final\jboss-logging-3.3.1.Final.jar;D:\maven\.m2\repo\com\fasterxml\classmate\1.3.4\classmate-1.3.4.jar;D:\maven\.m2\repo\org\springframework\spring-web\5.0.0.RELEASE\spring-web-5.0.0.RELEASE.jar;D:\maven\.m2\repo\org\springframework\spring-beans\5.0.0.RELEASE\spring-beans-5.0.0.RELEASE.jar;D:\maven\.m2\repo\org\springframework\spring-webmvc\5.0.0.RELEASE\spring-webmvc-5.0.0.RELEASE.jar;D:\maven\.m2\repo\org\springframework\spring-aop\5.0.0.RELEASE\spring-aop-5.0.0.RELEASE.jar;D:\maven\.m2\repo\org\springframework\spring-context\5.0.0.RELEASE\spring-context-5.0.0.RELEASE.jar;D:\maven\.m2\repo\org\springframework\spring-expression\5.0.0.RELEASE\spring-expression-5.0.0.RELEASE.jar;D:\maven\.m2\repo\org\springframework\boot\spring-boot-starter-test\2.0.0.M5\spring-boot-starter-test-2.0.0.M5.jar;D:\maven\.m2\repo\org\springframework\boot\spring-boot-test\2.0.0.M5\spring-boot-test-2.0.0.M5.jar;D:\maven\.m2\repo\org\springframework\boot\spring-boot-test-autoconfigure\2.0.0.M5\spring-boot-test-autoconfigure-2.0.0.M5.jar;D:\maven\.m2\repo\com\jayway\jsonpath\json-path\2.4.0\json-path-2.4.0.jar;D:\maven\.m2\repo\net\minidev\json-smart\2.3\json-smart-2.3.jar;D:\maven\.m2\repo\net\minidev\accessors-smart\1.2\accessors-smart-1.2.jar;D:\maven\.m2\repo\org\ow2\asm\asm\5.0.4\asm-5.0.4.jar;D:\maven\.m2\repo\junit\junit\4.12\junit-4.12.jar;D:\maven\.m2\repo\org\assertj\assertj-core\3.8.0\assertj-core-3.8.0.jar;D:\maven\.m2\repo\org\mockito\mockito-core\2.10.0\mockito-core-2.10.0.jar;D:\maven\.m2\repo\net\bytebuddy\byte-buddy\1.7.6\byte-buddy-1.7.6.jar;D:\maven\.m2\repo\net\bytebuddy\byte-buddy-agent\1.7.6\byte-buddy-agent-1.7.6.jar;D:\maven\.m2\repo\org\objenesis\objenesis\2.6\objenesis-2.6.jar;D:\maven\.m2\repo\org\hamcrest\hamcrest-core\1.3\hamcrest-core-1.3.jar;D:\maven\.m2\repo\org\hamcrest\hamcrest-library\1.3\hamcrest-library-1.3.jar;D:\maven\.m2\repo\org\skyscreamer\jsonassert\1.5.0\jsonassert-1.5.0.jar;D:\maven\.m2\repo\com\vaadin\external\google\android-json\0.0.20131108.vaadin1\android-json-0.0.20131108.vaadin1.jar;D:\maven\.m2\repo\org\springframework\spring-core\5.0.0.RELEASE\spring-core-5.0.0.RELEASE.jar;D:\maven\.m2\repo\org\springframework\spring-jcl\5.0.0.RELEASE\spring-jcl-5.0.0.RELEASE.jar;D:\maven\.m2\repo\org\springframework\spring-test\5.0.0.RELEASE\spring-test-5.0.0.RELEASE.jar;D:\maven\.m2\repo\org\xmlunit\xmlunit-core\2.5.0\xmlunit-core-2.5.0.jar;D:\maven\.m2\repo\guru\springframework\chuck-norris-for-actuator\0.0.2\chuck-norris-for-actuator-0.0.2.jar;D:\maven\.m2\repo\org\springframework\boot\spring-boot-actuator\2.0.0.M5\spring-boot-actuator-2.0.0.M5.jar;"/>
    <property name="java.vm.vendor" value="Oracle Corporation"/>
    <property name="sun.arch.data.model" value="64"/>
    <property name="user.variant" value=""/>
    <property name="java.vendor.url" value="http://java.oracle.com/"/>
    <property name="user.timezone" value=""/>
    <property name="java.vm.specification.version" value="1.8"/>
    <property name="os.name" value="Windows 7"/>
    <property name="user.country" value="CA"/>
    <property name="sun.java.launcher" value="SUN_STANDARD"/>
    <property name="sun.boot.library.path" value="D:\java\jdk1.8.0_144\jre\bin"/>
    <property name="sun.java.command" value="C:\Users\yli\AppData\Local\Temp\surefire4336663344253180654\surefirebooter2836150831465342850.jar C:\Users\yli\AppData\Local\Temp\surefire4336663344253180654 2017-10-23T09-59-20_230-jvmRun1 surefire741471062819807513tmp surefire_05195055549496757654tmp"/>
    <property name="surefire.test.class.path" value="D:\gwt\springguru\spring5-jokes-app\target\test-classes;D:\gwt\springguru\spring5-jokes-app\target\classes;D:\maven\.m2\repo\org\springframework\boot\spring-boot-starter-thymeleaf\2.0.0.M5\spring-boot-starter-thymeleaf-2.0.0.M5.jar;D:\maven\.m2\repo\org\springframework\boot\spring-boot-starter\2.0.0.M5\spring-boot-starter-2.0.0.M5.jar;D:\maven\.m2\repo\org\springframework\boot\spring-boot\2.0.0.M5\spring-boot-2.0.0.M5.jar;D:\maven\.m2\repo\org\springframework\boot\spring-boot-autoconfigure\2.0.0.M5\spring-boot-autoconfigure-2.0.0.M5.jar;D:\maven\.m2\repo\org\springframework\boot\spring-boot-starter-logging\2.0.0.M5\spring-boot-starter-logging-2.0.0.M5.jar;D:\maven\.m2\repo\ch\qos\logback\logback-classic\1.2.3\logback-classic-1.2.3.jar;D:\maven\.m2\repo\ch\qos\logback\logback-core\1.2.3\logback-core-1.2.3.jar;D:\maven\.m2\repo\org\slf4j\jul-to-slf4j\1.7.25\jul-to-slf4j-1.7.25.jar;D:\maven\.m2\repo\org\slf4j\log4j-over-slf4j\1.7.25\log4j-over-slf4j-1.7.25.jar;D:\maven\.m2\repo\javax\annotation\javax.annotation-api\1.3.1\javax.annotation-api-1.3.1.jar;D:\maven\.m2\repo\org\yaml\snakeyaml\1.18\snakeyaml-1.18.jar;D:\maven\.m2\repo\org\thymeleaf\thymeleaf-spring5\3.0.8.RELEASE\thymeleaf-spring5-3.0.8.RELEASE.jar;D:\maven\.m2\repo\org\thymeleaf\thymeleaf\3.0.8.RELEASE\thymeleaf-3.0.8.RELEASE.jar;D:\maven\.m2\repo\org\attoparser\attoparser\2.0.4.RELEASE\attoparser-2.0.4.RELEASE.jar;D:\maven\.m2\repo\org\unbescape\unbescape\1.1.5.RELEASE\unbescape-1.1.5.RELEASE.jar;D:\maven\.m2\repo\org\slf4j\slf4j-api\1.7.25\slf4j-api-1.7.25.jar;D:\maven\.m2\repo\org\thymeleaf\extras\thymeleaf-extras-java8time\3.0.1.RELEASE\thymeleaf-extras-java8time-3.0.1.RELEASE.jar;D:\maven\.m2\repo\org\springframework\boot\spring-boot-starter-web\2.0.0.M5\spring-boot-starter-web-2.0.0.M5.jar;D:\maven\.m2\repo\org\springframework\boot\spring-boot-starter-json\2.0.0.M5\spring-boot-starter-json-2.0.0.M5.jar;D:\maven\.m2\repo\com\fasterxml\jackson\core\jackson-databind\2.9.1\jackson-databind-2.9.1.jar;D:\maven\.m2\repo\com\fasterxml\jackson\core\jackson-annotations\2.9.0\jackson-annotations-2.9.0.jar;D:\maven\.m2\repo\com\fasterxml\jackson\core\jackson-core\2.9.1\jackson-core-2.9.1.jar;D:\maven\.m2\repo\com\fasterxml\jackson\datatype\jackson-datatype-jdk8\2.9.1\jackson-datatype-jdk8-2.9.1.jar;D:\maven\.m2\repo\com\fasterxml\jackson\datatype\jackson-datatype-jsr310\2.9.1\jackson-datatype-jsr310-2.9.1.jar;D:\maven\.m2\repo\com\fasterxml\jackson\module\jackson-module-parameter-names\2.9.1\jackson-module-parameter-names-2.9.1.jar;D:\maven\.m2\repo\com\fasterxml\jackson\module\jackson-module-kotlin\2.9.1\jackson-module-kotlin-2.9.1.jar;D:\maven\.m2\repo\org\springframework\boot\spring-boot-starter-tomcat\2.0.0.M5\spring-boot-starter-tomcat-2.0.0.M5.jar;D:\maven\.m2\repo\org\apache\tomcat\embed\tomcat-embed-core\8.5.23\tomcat-embed-core-8.5.23.jar;D:\maven\.m2\repo\org\apache\tomcat\tomcat-annotations-api\8.5.23\tomcat-annotations-api-8.5.23.jar;D:\maven\.m2\repo\org\apache\tomcat\embed\tomcat-embed-el\8.5.23\tomcat-embed-el-8.5.23.jar;D:\maven\.m2\repo\org\apache\tomcat\embed\tomcat-embed-websocket\8.5.23\tomcat-embed-websocket-8.5.23.jar;D:\maven\.m2\repo\org\hibernate\validator\hibernate-validator\6.0.2.Final\hibernate-validator-6.0.2.Final.jar;D:\maven\.m2\repo\javax\validation\validation-api\2.0.0.Final\validation-api-2.0.0.Final.jar;D:\maven\.m2\repo\org\jboss\logging\jboss-logging\3.3.1.Final\jboss-logging-3.3.1.Final.jar;D:\maven\.m2\repo\com\fasterxml\classmate\1.3.4\classmate-1.3.4.jar;D:\maven\.m2\repo\org\springframework\spring-web\5.0.0.RELEASE\spring-web-5.0.0.RELEASE.jar;D:\maven\.m2\repo\org\springframework\spring-beans\5.0.0.RELEASE\spring-beans-5.0.0.RELEASE.jar;D:\maven\.m2\repo\org\springframework\spring-webmvc\5.0.0.RELEASE\spring-webmvc-5.0.0.RELEASE.jar;D:\maven\.m2\repo\org\springframework\spring-aop\5.0.0.RELEASE\spring-aop-5.0.0.RELEASE.jar;D:\maven\.m2\repo\org\springframework\spring-context\5.0.0.RELEASE\spring-context-5.0.0.RELEASE.jar;D:\maven\.m2\repo\org\springframework\spring-expression\5.0.0.RELEASE\spring-expression-5.0.0.RELEASE.jar;D:\maven\.m2\repo\org\springframework\boot\spring-boot-starter-test\2.0.0.M5\spring-boot-starter-test-2.0.0.M5.jar;D:\maven\.m2\repo\org\springframework\boot\spring-boot-test\2.0.0.M5\spring-boot-test-2.0.0.M5.jar;D:\maven\.m2\repo\org\springframework\boot\spring-boot-test-autoconfigure\2.0.0.M5\spring-boot-test-autoconfigure-2.0.0.M5.jar;D:\maven\.m2\repo\com\jayway\jsonpath\json-path\2.4.0\json-path-2.4.0.jar;D:\maven\.m2\repo\net\minidev\json-smart\2.3\json-smart-2.3.jar;D:\maven\.m2\repo\net\minidev\accessors-smart\1.2\accessors-smart-1.2.jar;D:\maven\.m2\repo\org\ow2\asm\asm\5.0.4\asm-5.0.4.jar;D:\maven\.m2\repo\junit\junit\4.12\junit-4.12.jar;D:\maven\.m2\repo\org\assertj\assertj-core\3.8.0\assertj-core-3.8.0.jar;D:\maven\.m2\repo\org\mockito\mockito-core\2.10.0\mockito-core-2.10.0.jar;D:\maven\.m2\repo\net\bytebuddy\byte-buddy\1.7.6\byte-buddy-1.7.6.jar;D:\maven\.m2\repo\net\bytebuddy\byte-buddy-agent\1.7.6\byte-buddy-agent-1.7.6.jar;D:\maven\.m2\repo\org\objenesis\objenesis\2.6\objenesis-2.6.jar;D:\maven\.m2\repo\org\hamcrest\hamcrest-core\1.3\hamcrest-core-1.3.jar;D:\maven\.m2\repo\org\hamcrest\hamcrest-library\1.3\hamcrest-library-1.3.jar;D:\maven\.m2\repo\org\skyscreamer\jsonassert\1.5.0\jsonassert-1.5.0.jar;D:\maven\.m2\repo\com\vaadin\external\google\android-json\0.0.20131108.vaadin1\android-json-0.0.20131108.vaadin1.jar;D:\maven\.m2\repo\org\springframework\spring-core\5.0.0.RELEASE\spring-core-5.0.0.RELEASE.jar;D:\maven\.m2\repo\org\springframework\spring-jcl\5.0.0.RELEASE\spring-jcl-5.0.0.RELEASE.jar;D:\maven\.m2\repo\org\springframework\spring-test\5.0.0.RELEASE\spring-test-5.0.0.RELEASE.jar;D:\maven\.m2\repo\org\xmlunit\xmlunit-core\2.5.0\xmlunit-core-2.5.0.jar;D:\maven\.m2\repo\guru\springframework\chuck-norris-for-actuator\0.0.2\chuck-norris-for-actuator-0.0.2.jar;D:\maven\.m2\repo\org\springframework\boot\spring-boot-actuator\2.0.0.M5\spring-boot-actuator-2.0.0.M5.jar;"/>
    <property name="sun.cpu.endian" value="little"/>
    <property name="user.home" value="C:\Users\yli"/>
    <property name="user.language" value="en"/>
    <property name="java.specification.vendor" value="Oracle Corporation"/>
    <property name="java.home" value="D:\java\jdk1.8.0_144\jre"/>
    <property name="basedir" value="D:\gwt\springguru\spring5-jokes-app"/>
    <property name="file.separator" value="\"/>
    <property name="line.separator" value="&#10;"/>
    <property name="java.vm.specification.vendor" value="Oracle Corporation"/>
    <property name="java.specification.name" value="Java Platform API Specification"/>
    <property name="java.awt.graphicsenv" value="sun.awt.Win32GraphicsEnvironment"/>
    <property name="surefire.real.class.path" value="C:\Users\yli\AppData\Local\Temp\surefire4336663344253180654\surefirebooter2836150831465342850.jar"/>
    <property name="sun.boot.class.path" value="D:\java\jdk1.8.0_144\jre\lib\resources.jar;D:\java\jdk1.8.0_144\jre\lib\rt.jar;D:\java\jdk1.8.0_144\jre\lib\sunrsasign.jar;D:\java\jdk1.8.0_144\jre\lib\jsse.jar;D:\java\jdk1.8.0_144\jre\lib\jce.jar;D:\java\jdk1.8.0_144\jre\lib\charsets.jar;D:\java\jdk1.8.0_144\jre\lib\jfr.jar;D:\java\jdk1.8.0_144\jre\classes"/>
    <property name="user.script" value=""/>
    <property name="sun.management.compiler" value="HotSpot 64-Bit Tiered Compilers"/>
    <property name="java.runtime.version" value="1.8.0_144-b01"/>
    <property name="user.name" value="yli"/>
    <property name="path.separator" value=";"/>
    <property name="os.version" value="6.1"/>
    <property name="java.endorsed.dirs" value="D:\java\jdk1.8.0_144\jre\lib\endorsed"/>
    <property name="java.runtime.name" value="Java(TM) SE Runtime Environment"/>
    <property name="file.encoding" value="Cp1252"/>
    <property name="java.vm.name" value="Java HotSpot(TM) 64-Bit Server VM"/>
    <property name="localRepository" value="D:\maven\.m2\repo"/>
    <property name="java.vendor.url.bug" value="http://bugreport.sun.com/bugreport/"/>
    <property name="java.io.tmpdir" value="C:\Users\yli\AppData\Local\Temp\"/>
    <property name="java.version" value="1.8.0_144"/>
    <property name="user.dir" value="D:\gwt\springguru\spring5-jokes-app"/>
    <property name="os.arch" value="amd64"/>
    <property name="java.vm.specification.name" value="Java Virtual Machine Specification"/>
    <property name="java.awt.printerjob" value="sun.awt.windows.WPrinterJob"/>
    <property name="sun.os.patch.level" value="Service Pack 1"/>
    <property name="java.library.path" value="D:\java\jdk1.8.0_144\jre\bin;C:\Windows\Sun\Java\bin;C:\Windows\system32;C:\Windows;D:\Ruby24-x64\bin;D:\java\jdk1.8.0_144\bin;C:\ProgramData\Oracle\Java\javapath;C:\Program Files (x86)\Intel\iCLS Client\;C:\Program Files\Intel\iCLS Client\;C:\Windows\system32;C:\Windows;C:\Windows\System32\Wbem;C:\Windows\System32\WindowsPowerShell\v1.0\;C:\Program Files\Intel\Intel(R) Management Engine Components\DAL;C:\Program Files (x86)\Intel\Intel(R) Management Engine Components\DAL;C:\Program Files\Intel\Intel(R) Management Engine Components\IPT;C:\Program Files (x86)\Intel\Intel(R) Management Engine Components\IPT;C:\Program Files (x86)\Microsoft SQL Server\100\Tools\Binn\;C:\Program Files\Microsoft SQL Server\100\Tools\Binn\;C:\Program Files\Microsoft SQL Server\100\DTS\Binn\;C:\Windows\system32\config\systemprofile\.dnx\bin;C:\Program Files\Microsoft DNX\Dnvm\;C:\Program Files (x86)\Windows Kits\8.1\Windows Performance Toolkit\;C:\Program Files\Microsoft SQL Server\120\Tools\Binn\;C:\Program Files\Seapine\TestTrack;C:\Program Files\Seapine\TestTrack\64bitLibs;C:\Windows\System32\WindowsPowerShell\v1.0\;D:\maven\apache-maven-3.5.0\bin;C:\Program Files (x86)\Heroku\bin;C:\Program Files (x86)\git\cmd;C:\Program Files (x86)\Google\Google Apps Sync\;C:\Program Files (x86)\Google\Google Apps Migration\;D:\res\tools\selenium;D:\Tomcat\tomcat\bin;D:\PostgreSQL\9.6\bin;D:\Spring\Boot-CLI-1.5.2.RELEASE\bin;D:\Docker\Docker Toolbox;D:\Git/bin;C:\Program Files\Git\cmd;D:\zookeeper\zookeeper-3.4.10\bin;D:\kafka\kafka_2.11-0.11.0.0\bin;D:\kafka\kafka_2.11-0.11.0.0\bin\windows;D:\redis;D:\ant\apache-ant-1.10.1\bin;D:\redis;C:\Windows\System32\WindowsPowerShell\v1.0\;D:\PuTTY\;D:\Amazon\AWSCLI\;D:\Spring\spring-1.5.7.RELEASE\bin;D:\MongoDB\Server\3.4\bin;;D:\Docker\DockerToolbox;."/>
    <property name="java.vm.info" value="mixed mode"/>
    <property name="java.vendor" value="Oracle Corporation"/>
    <property name="java.vm.version" value="25.144-b01"/>
    <property name="java.ext.dirs" value="D:\java\jdk1.8.0_144\jre\lib\ext;C:\Windows\Sun\Java\lib\ext"/>
    <property name="sun.io.unicode.encoding" value="UnicodeLittle"/>
    <property name="java.class.version" value="52.0"/>
  </properties>
  <testcase name="contextLoads" classname="guru.springframework.joke.JokeappApplicationTests" time="0.052"/>
</testsuite>